<?xml version="1.0" encoding="UTF-8"?>
<testng-results skipped="0" failed="0" total="1" passed="1">
  <reporter-output>
  </reporter-output>
  <suite name="Default suite" duration-ms="11504" started-at="2018-04-24T06:25:47Z" finished-at="2018-04-24T06:25:58Z">
    <groups>
    </groups>
    <test name="Default test" duration-ms="11504" started-at="2018-04-24T06:25:47Z" finished-at="2018-04-24T06:25:58Z">
      <class name="jenkinstry.login_page">
        <test-method status="PASS" signature="Testcase()[pri:0, instance:jenkinstry.login_page@68c4039c]" name="Testcase" duration-ms="11498" started-at="2018-04-24T11:55:47Z" finished-at="2018-04-24T11:55:58Z">
          <reporter-output>
          </reporter-output>
        </test-method> <!-- Testcase -->
      </class> <!-- jenkinstry.login_page -->
    </test> <!-- Default test -->
  </suite> <!-- Default suite -->
</testng-results>
